<?xml version="1.0" encoding="UTF-8"?>
<!-- Generated by org.testng.reporters.JUnitReportReporter -->
<testsuite hostname="WKWZT6toYv6zu8N" failures="0" tests="2" name="Automation_Demo.Demo_Automation" time="66.277" errors="0" timestamp="22 Jan 2024 10:17:36 GMT">
  <testcase classname="Automation_Demo.Demo_Automation" name="excute_Automation" time="42.048"/>
  <testcase classname="Automation_Demo.Demo_Automation" name="excute_Automation" time="24.229"/>
</testsuite> <!-- Automation_Demo.Demo_Automation -->
