<?xml version="1.0" encoding="UTF-8"?>
<!-- Generated by org.testng.reporters.JUnitReportReporter -->
<testsuite hostname="WKWZT6toYv6zu8N" failures="0" tests="2" name="Automation_Demo.Add_Reviewon_Product" time="0.002" errors="0" timestamp="22 Jan 2024 10:17:36 GMT">
  <testcase classname="Automation_Demo.Add_Reviewon_Product" name="verify_add_reviewonproduct" time="0.001"/>
  <testcase classname="Automation_Demo.Add_Reviewon_Product" name="verify_add_reviewonproduct" time="0.001"/>
</testsuite> <!-- Automation_Demo.Add_Reviewon_Product -->
