<?xml version="1.0" encoding="UTF-8"?>
<!-- Generated by org.testng.reporters.JUnitReportReporter -->
<testsuite hostname="WKWZT6toYv6zu8N" failures="0" tests="2" name="Automation_Demo.Demo_Automation" time="53.130" errors="0" timestamp="22 Jan 2024 09:59:11 GMT">
  <testcase classname="Automation_Demo.Demo_Automation" name="excute_Automation" time="27.387"/>
  <testcase classname="Automation_Demo.Demo_Automation" name="excute_Automation" time="25.743"/>
</testsuite> <!-- Automation_Demo.Demo_Automation -->
